<?xml version="1.0" encoding="UTF-8"?>
<!-- Generated by org.testng.reporters.JUnitReportReporter -->
<testsuite skipped="0" hostname="CMLKSAMARASIRI" name="NewTest" tests="1" failures="0" timestamp="05 Nov 2017 15:18:26 GMT" time="3.631" errors="0">
  <testcase name="test_NumberOfCircuitsFor2017Season03" time="3.631" classname="NewTest"/>
</testsuite> <!-- NewTest -->
